
Euler output (N = 20)
t =     0   u1 =         3   u2 =         0   
t =  0.05   u1 =         3   u2 =     -0.11   
t =   0.1   u1 =    2.9945   u2 =-0.22023745   
t =  0.15   u1 = 2.9834881   u2 =-0.33063666   
t =   0.2   u1 = 2.9669563   u2 =-0.44111897   
t =  0.25   u1 = 2.9449003   u2 =-0.55160195   
t =   0.3   u1 = 2.9173202   u2 =-0.66199862   
t =  0.35   u1 = 2.8842203   u2 =-0.77221671   
t =   0.4   u1 = 2.8456095   u2 =-0.88215793   
t =  0.45   u1 = 2.8015016   u2 =-0.99171729   
t =   0.5   u1 = 2.7519157   u2 =-1.1007825   
t =  0.55   u1 = 2.6968766   u2 =-1.2092334   
t =   0.6   u1 = 2.6364149   u2 =-1.3169414   
t =  0.65   u1 = 2.5705679   u2 =-1.4237691   
t =   0.7   u1 = 2.4993794   u2 =  -1.52957   
t =  0.75   u1 = 2.4229009   u2 =-1.6341879   
t =   0.8   u1 = 2.3411915   u2 =-1.7374571   
t =  0.85   u1 = 2.2543187   u2 = -1.839202   
t =   0.9   u1 = 2.1623586   u2 = -1.939237   
t =  0.95   u1 = 2.0653967   u2 = -2.037367   
t =     1   u1 = 1.9635284   u2 =-2.1333869   

RK4 output (N = 20)
t =     0   u1 =         3   u2 =         0   
t =  0.05   u1 = 2.9972502   u2 =-0.10998746   
t =   0.1   u1 = 2.9890025   u2 =-0.21989973   
t =  0.15   u1 = 2.9752627   u2 =-0.32966077   
t =   0.2   u1 = 2.9560402   u2 =-0.43919298   
t =  0.25   u1 = 2.9313485   u2 =-0.54841631   
t =   0.3   u1 = 2.9012051   u2 =-0.65724757   
t =  0.35   u1 = 2.8656318   u2 =-0.76559966   
t =   0.4   u1 = 2.8246547   u2 =-0.87338083   
t =  0.45   u1 = 2.7783048   u2 =-0.98049408   
t =   0.5   u1 = 2.7266181   u2 =-1.0868365   
t =  0.55   u1 = 2.6696358   u2 =-1.1922987   
t =   0.6   u1 = 2.6074049   u2 =-1.2967643   
t =  0.65   u1 = 2.5399781   u2 =-1.4001095   
t =   0.7   u1 = 2.4674148   u2 =-1.5022028   
t =  0.75   u1 =  2.389781   u2 =-1.6029045   
t =   0.8   u1 =   2.30715   u2 =-1.7020664   
t =  0.85   u1 = 2.2196026   u2 =-1.7995323   
t =   0.9   u1 = 2.1272278   u2 =-1.8951369   
t =  0.95   u1 = 2.0301228   u2 =-1.9887067   
t =     1   u1 =  1.928394   u2 =-2.0800598   
